{
  "stats": {
    "suites": 2,
    "tests": 3,
    "passes": 3,
    "pending": 0,
    "failures": 0,
    "start": "2017-09-17T09:10:37.512Z",
    "end": "2017-09-17T09:11:01.286Z",
    "duration": 23774,
    "testsRegistered": 3,
    "passPercent": 100,
    "pendingPercent": 0,
    "other": 0,
    "hasOther": false,
    "skipped": 0,
    "hasSkipped": false,
    "passPercentClass": "success",
    "pendingPercentClass": "danger"
  },
  "suites": {
    "title": "",
    "suites": [
      {
        "title": "测试用户注册登录",
        "suites": [
          {
            "title": "打开网页",
            "suites": [],
            "tests": [
              {
                "title": "导航到百度页面",
                "fullTitle": "测试用户注册登录 打开网页 导航到百度页面",
                "timedOut": false,
                "duration": 18822,
                "state": "passed",
                "speed": "slow",
                "pass": true,
                "fail": false,
                "pending": false,
                "code": "async function () {\n            await driver.get(\"https://www.baidu.com/\")",
                "err": {},
                "isRoot": false,
                "uuid": "3c70a287-c86a-4575-86d7-70d7a0ccc6a0",
                "parentUUID": "dc0f1274-3f69-45d9-b665-d2bc7309d0b5",
                "isHook": false,
                "skipped": false
              },
              {
                "title": "点击新闻按钮",
                "fullTitle": "测试用户注册登录 打开网页 点击新闻按钮",
                "timedOut": false,
                "duration": 4840,
                "state": "passed",
                "speed": "slow",
                "pass": true,
                "fail": false,
                "pending": false,
                "code": "async function () {\n            await driver.findElement({css:'#u1 > a:nth-child(1)'}).click()",
                "err": {},
                "isRoot": false,
                "uuid": "ff682d1e-8124-41d2-8686-0fa2c5ffb10f",
                "parentUUID": "dc0f1274-3f69-45d9-b665-d2bc7309d0b5",
                "isHook": false,
                "skipped": false
              },
              {
                "title": "导航到新闻页面",
                "fullTitle": "测试用户注册登录 打开网页 导航到新闻页面",
                "timedOut": false,
                "duration": 21,
                "state": "passed",
                "speed": "fast",
                "pass": true,
                "fail": false,
                "pending": false,
                "code": "async function () {\n            let singupurl =  await driver.getCurrentUrl();\n            return assert.equal(\"http://news.baidu.com/\",singupurl)",
                "err": {},
                "isRoot": false,
                "uuid": "ec138090-8987-4e5a-ac80-e8dae60df8d5",
                "parentUUID": "dc0f1274-3f69-45d9-b665-d2bc7309d0b5",
                "isHook": false,
                "skipped": false
              }
            ],
            "pending": [],
            "root": false,
            "_timeout": 60000,
            "file": "\\test.js",
            "uuid": "dc0f1274-3f69-45d9-b665-d2bc7309d0b5",
            "beforeHooks": [],
            "afterHooks": [],
            "fullFile": "D:\\20170918\\hhh\\test.js",
            "passes": [
              {
                "title": "导航到百度页面",
                "fullTitle": "测试用户注册登录 打开网页 导航到百度页面",
                "timedOut": false,
                "duration": 18822,
                "state": "passed",
                "speed": "slow",
                "pass": true,
                "fail": false,
                "pending": false,
                "code": "async function () {\n            await driver.get(\"https://www.baidu.com/\")",
                "err": {},
                "isRoot": false,
                "uuid": "3c70a287-c86a-4575-86d7-70d7a0ccc6a0",
                "parentUUID": "dc0f1274-3f69-45d9-b665-d2bc7309d0b5",
                "isHook": false,
                "skipped": false
              },
              {
                "title": "点击新闻按钮",
                "fullTitle": "测试用户注册登录 打开网页 点击新闻按钮",
                "timedOut": false,
                "duration": 4840,
                "state": "passed",
                "speed": "slow",
                "pass": true,
                "fail": false,
                "pending": false,
                "code": "async function () {\n            await driver.findElement({css:'#u1 > a:nth-child(1)'}).click()",
                "err": {},
                "isRoot": false,
                "uuid": "ff682d1e-8124-41d2-8686-0fa2c5ffb10f",
                "parentUUID": "dc0f1274-3f69-45d9-b665-d2bc7309d0b5",
                "isHook": false,
                "skipped": false
              },
              {
                "title": "导航到新闻页面",
                "fullTitle": "测试用户注册登录 打开网页 导航到新闻页面",
                "timedOut": false,
                "duration": 21,
                "state": "passed",
                "speed": "fast",
                "pass": true,
                "fail": false,
                "pending": false,
                "code": "async function () {\n            let singupurl =  await driver.getCurrentUrl();\n            return assert.equal(\"http://news.baidu.com/\",singupurl)",
                "err": {},
                "isRoot": false,
                "uuid": "ec138090-8987-4e5a-ac80-e8dae60df8d5",
                "parentUUID": "dc0f1274-3f69-45d9-b665-d2bc7309d0b5",
                "isHook": false,
                "skipped": false
              }
            ],
            "failures": [],
            "skipped": [],
            "hasBeforeHooks": false,
            "hasAfterHooks": false,
            "hasTests": true,
            "hasSuites": false,
            "totalTests": 3,
            "totalPasses": 3,
            "totalFailures": 0,
            "totalPending": 0,
            "totalSkipped": 0,
            "hasPasses": true,
            "hasFailures": false,
            "hasPending": false,
            "hasSkipped": false,
            "duration": 23683,
            "rootEmpty": false
          }
        ],
        "tests": [],
        "pending": [],
        "root": false,
        "_timeout": 60000,
        "file": "\\test.js",
        "uuid": "ce8aa2d9-b589-403f-8553-212ecd1fcfb1",
        "beforeHooks": [],
        "afterHooks": [],
        "fullFile": "D:\\20170918\\hhh\\test.js",
        "passes": [],
        "failures": [],
        "skipped": [],
        "hasBeforeHooks": false,
        "hasAfterHooks": false,
        "hasTests": false,
        "hasSuites": true,
        "totalTests": 0,
        "totalPasses": 0,
        "totalFailures": 0,
        "totalPending": 0,
        "totalSkipped": 0,
        "hasPasses": false,
        "hasFailures": false,
        "hasPending": false,
        "hasSkipped": false,
        "duration": 0,
        "rootEmpty": false
      }
    ],
    "tests": [],
    "pending": [],
    "root": true,
    "_timeout": 2000,
    "uuid": "48f12466-1674-41ac-9ef2-db8b0491893f",
    "beforeHooks": [],
    "afterHooks": [],
    "fullFile": "",
    "file": "",
    "passes": [],
    "failures": [],
    "skipped": [],
    "hasBeforeHooks": false,
    "hasAfterHooks": false,
    "hasTests": false,
    "hasSuites": true,
    "totalTests": 0,
    "totalPasses": 0,
    "totalFailures": 0,
    "totalPending": 0,
    "totalSkipped": 0,
    "hasPasses": false,
    "hasFailures": false,
    "hasPending": false,
    "hasSkipped": false,
    "duration": 0,
    "rootEmpty": true
  },
  "allTests": [
    {
      "title": "导航到百度页面",
      "fullTitle": "打开网页 导航到百度页面",
      "timedOut": false,
      "duration": 18822,
      "state": "passed",
      "speed": "slow",
      "pass": true,
      "fail": false,
      "pending": false,
      "code": "async function () {\n            await driver.get(\"https://www.baidu.com/\")",
      "err": {},
      "isRoot": false,
      "uuid": "3c70a287-c86a-4575-86d7-70d7a0ccc6a0",
      "parentUUID": "dc0f1274-3f69-45d9-b665-d2bc7309d0b5",
      "isHook": false,
      "skipped": false
    },
    {
      "title": "点击新闻按钮",
      "fullTitle": "打开网页 点击新闻按钮",
      "timedOut": false,
      "duration": 4840,
      "state": "passed",
      "speed": "slow",
      "pass": true,
      "fail": false,
      "pending": false,
      "code": "async function () {\n            await driver.findElement({css:'#u1 > a:nth-child(1)'}).click()",
      "err": {},
      "isRoot": false,
      "uuid": "ff682d1e-8124-41d2-8686-0fa2c5ffb10f",
      "parentUUID": "dc0f1274-3f69-45d9-b665-d2bc7309d0b5",
      "isHook": false,
      "skipped": false
    },
    {
      "title": "导航到新闻页面",
      "fullTitle": "打开网页 导航到新闻页面",
      "timedOut": false,
      "duration": 21,
      "state": "passed",
      "speed": "fast",
      "pass": true,
      "fail": false,
      "pending": false,
      "code": "async function () {\n            let singupurl =  await driver.getCurrentUrl();\n            return assert.equal(\"http://news.baidu.com/\",singupurl)",
      "err": {},
      "isRoot": false,
      "uuid": "ec138090-8987-4e5a-ac80-e8dae60df8d5",
      "parentUUID": "dc0f1274-3f69-45d9-b665-d2bc7309d0b5",
      "isHook": false,
      "skipped": false
    }
  ],
  "allPending": [],
  "allPasses": [
    {
      "title": "导航到百度页面",
      "fullTitle": "打开网页 导航到百度页面",
      "timedOut": false,
      "duration": 18822,
      "state": "passed",
      "speed": "slow",
      "pass": true,
      "fail": false,
      "pending": false,
      "code": "async function () {\n            await driver.get(\"https://www.baidu.com/\")",
      "err": {},
      "isRoot": false,
      "uuid": "3c70a287-c86a-4575-86d7-70d7a0ccc6a0",
      "parentUUID": "dc0f1274-3f69-45d9-b665-d2bc7309d0b5",
      "isHook": false,
      "skipped": false
    },
    {
      "title": "点击新闻按钮",
      "fullTitle": "打开网页 点击新闻按钮",
      "timedOut": false,
      "duration": 4840,
      "state": "passed",
      "speed": "slow",
      "pass": true,
      "fail": false,
      "pending": false,
      "code": "async function () {\n            await driver.findElement({css:'#u1 > a:nth-child(1)'}).click()",
      "err": {},
      "isRoot": false,
      "uuid": "ff682d1e-8124-41d2-8686-0fa2c5ffb10f",
      "parentUUID": "dc0f1274-3f69-45d9-b665-d2bc7309d0b5",
      "isHook": false,
      "skipped": false
    },
    {
      "title": "导航到新闻页面",
      "fullTitle": "打开网页 导航到新闻页面",
      "timedOut": false,
      "duration": 21,
      "state": "passed",
      "speed": "fast",
      "pass": true,
      "fail": false,
      "pending": false,
      "code": "async function () {\n            let singupurl =  await driver.getCurrentUrl();\n            return assert.equal(\"http://news.baidu.com/\",singupurl)",
      "err": {},
      "isRoot": false,
      "uuid": "ec138090-8987-4e5a-ac80-e8dae60df8d5",
      "parentUUID": "dc0f1274-3f69-45d9-b665-d2bc7309d0b5",
      "isHook": false,
      "skipped": false
    }
  ],
  "allFailures": [],
  "copyrightYear": 2017
}